<?xml version="1.0" encoding="UTF-8"?>
<!-- Generated by org.testng.reporters.JUnitReportReporter -->
<testsuite hostname="sebles-MacBook-Air.local" failures="0" tests="1" name="restassuredpack.CraftApitest" time="5.948" errors="0" timestamp="2021-03-12T16:53:39 CST" skipped="0">
  <testcase classname="restassuredpack.CraftApitest" name="getrequestmethod" time="5.948"/>
  <system-out/>
</testsuite> <!-- restassuredpack.CraftApitest -->
