<?xml version="1.0" encoding="UTF-8"?>
<!-- Generated by org.testng.reporters.JUnitReportReporter -->
<testsuite hostname="sebles-MacBook-Air.local" failures="0" tests="1" name="com.QA.test.GetApiTest" time="1.694" errors="0" timestamp="2021-03-04T11:33:54 CST" skipped="0">
  <testcase classname="com.QA.test.GetApiTest" name="gettest" time="1.694"/>
  <system-out/>
</testsuite> <!-- com.QA.test.GetApiTest -->
