<?xml version="1.0" encoding="UTF-8"?>
<!-- Generated by org.testng.reporters.JUnitReportReporter -->
<testsuite hostname="sebles-MacBook-Air.local" failures="0" tests="1" name="restassuredpack.Shopcraftrest" time="2.226" errors="0" timestamp="2021-03-12T17:11:20 CST" skipped="0">
  <testcase classname="restassuredpack.Shopcraftrest" name="test_numberOfCircuitFor2017_Season" time="2.226"/>
  <system-out/>
</testsuite> <!-- restassuredpack.Shopcraftrest -->
